This file contains any messages produced by compilers while
running configure, to aid debugging if configure makes a mistake.

It was created by xfce4-timer-plugin configure 1.6.0, which was
generated by GNU Autoconf 2.69.  Invocation command line was

  $ ./configure --prefix=/usr --no-create --no-recursion

## --------- ##
## Platform. ##
## --------- ##

hostname = saraoman-Inspiron-3521
uname -m = x86_64
uname -r = 4.4.0-72-generic
uname -s = Linux
uname -v = #93~14.04.1-Ubuntu SMP Fri Mar 31 15:05:15 UTC 2017

/usr/bin/uname -p = unknown
/bin/uname -X     = unknown

/bin/arch              = unknown
/usr/bin/arch -k       = unknown
/usr/convex/getsysinfo = unknown
/usr/bin/hostinfo      = unknown
/bin/machine           = unknown
/usr/bin/oslevel       = unknown
/bin/universe          = unknown

PATH: /usr/local/sbin
PATH: /usr/local/bin
PATH: /usr/sbin
PATH: /usr/bin
PATH: /sbin
PATH: /bin
PATH: /snap/bin


## ----------- ##
## Core tests. ##
## ----------- ##

configure:2360: checking for a BSD-compatible install
configure:2428: result: /usr/bin/install -c
configure:2439: checking whether build environment is sane
configure:2494: result: yes
configure:2645: checking for a thread-safe mkdir -p
configure:2684: result: /bin/mkdir -p
configure:2691: checking for gawk
configure:2721: result: no
configure:2691: checking for mawk
configure:2707: found /usr/bin/mawk
configure:2718: result: mawk
configure:2729: checking whether make sets $(MAKE)
configure:2751: result: yes
configure:2780: checking whether make supports nested variables
configure:2797: result: yes
configure:2886: checking whether UID '0' is supported by ustar format
configure:2889: result: yes
configure:2896: checking whether GID '0' is supported by ustar format
configure:2899: result: yes
configure:2907: checking how to create a ustar tar archive
configure:2918: tar --version
tar (GNU tar) 1.27.1
Copyright (C) 2013 Free Software Foundation, Inc.
License GPLv3+: GNU GPL version 3 or later <http://gnu.org/licenses/gpl.html>.
This is free software: you are free to change and redistribute it.
There is NO WARRANTY, to the extent permitted by law.

Written by John Gilmore and Jay Fenlason.
configure:2921: $? = 0
configure:2961: tardir=conftest.dir && eval tar --format=ustar -chf - "$tardir" >conftest.tar
configure:2964: $? = 0
configure:2968: tar -xf - <conftest.tar
configure:2971: $? = 0
configure:2973: cat conftest.dir/file
GrepMe
configure:2976: $? = 0
configure:2989: result: gnutar
configure:3041: checking whether to enable maintainer-specific portions of Makefiles
configure:3050: result: no
configure:3112: checking for gcc
configure:3128: found /usr/bin/gcc
configure:3139: result: gcc
configure:3368: checking for C compiler version
configure:3377: gcc --version >&5
gcc (Ubuntu 4.8.4-2ubuntu1~14.04.3) 4.8.4
Copyright (C) 2013 Free Software Foundation, Inc.
This is free software; see the source for copying conditions.  There is NO
warranty; not even for MERCHANTABILITY or FITNESS FOR A PARTICULAR PURPOSE.

configure:3388: $? = 0
configure:3377: gcc -v >&5
Using built-in specs.
COLLECT_GCC=gcc
COLLECT_LTO_WRAPPER=/usr/lib/gcc/x86_64-linux-gnu/4.8/lto-wrapper
Target: x86_64-linux-gnu
Configured with: ../src/configure -v --with-pkgversion='Ubuntu 4.8.4-2ubuntu1~14.04.3' --with-bugurl=file:///usr/share/doc/gcc-4.8/README.Bugs --enable-languages=c,c++,java,go,d,fortran,objc,obj-c++ --prefix=/usr --program-suffix=-4.8 --enable-shared --enable-linker-build-id --libexecdir=/usr/lib --without-included-gettext --enable-threads=posix --with-gxx-include-dir=/usr/include/c++/4.8 --libdir=/usr/lib --enable-nls --with-sysroot=/ --enable-clocale=gnu --enable-libstdcxx-debug --enable-libstdcxx-time=yes --enable-gnu-unique-object --disable-libmudflap --enable-plugin --with-system-zlib --disable-browser-plugin --enable-java-awt=gtk --enable-gtk-cairo --with-java-home=/usr/lib/jvm/java-1.5.0-gcj-4.8-amd64/jre --enable-java-home --with-jvm-root-dir=/usr/lib/jvm/java-1.5.0-gcj-4.8-amd64 --with-jvm-jar-dir=/usr/lib/jvm-exports/java-1.5.0-gcj-4.8-amd64 --with-arch-directory=amd64 --with-ecj-jar=/usr/share/java/eclipse-ecj.jar --enable-objc-gc --enable-multiarch --disable-werror --with-arch-32=i686 --with-abi=m64 --with-multilib-list=m32,m64,mx32 --with-tune=generic --enable-checking=release --build=x86_64-linux-gnu --host=x86_64-linux-gnu --target=x86_64-linux-gnu
Thread model: posix
gcc version 4.8.4 (Ubuntu 4.8.4-2ubuntu1~14.04.3) 
configure:3388: $? = 0
configure:3377: gcc -V >&5
gcc: error: unrecognized command line option '-V'
gcc: fatal error: no input files
compilation terminated.
configure:3388: $? = 4
configure:3377: gcc -qversion >&5
gcc: error: unrecognized command line option '-qversion'
gcc: fatal error: no input files
compilation terminated.
configure:3388: $? = 4
configure:3408: checking whether the C compiler works
configure:3430: gcc    conftest.c  >&5
configure:3434: $? = 0
configure:3482: result: yes
configure:3485: checking for C compiler default output file name
configure:3487: result: a.out
configure:3493: checking for suffix of executables
configure:3500: gcc -o conftest    conftest.c  >&5
configure:3504: $? = 0
configure:3526: result: 
configure:3548: checking whether we are cross compiling
configure:3556: gcc -o conftest    conftest.c  >&5
configure:3560: $? = 0
configure:3567: ./conftest
configure:3571: $? = 0
configure:3586: result: no
configure:3591: checking for suffix of object files
configure:3613: gcc -c   conftest.c >&5
configure:3617: $? = 0
configure:3638: result: o
configure:3642: checking whether we are using the GNU C compiler
configure:3661: gcc -c   conftest.c >&5
configure:3661: $? = 0
configure:3670: result: yes
configure:3679: checking whether gcc accepts -g
configure:3699: gcc -c -g  conftest.c >&5
configure:3699: $? = 0
configure:3740: result: yes
configure:3757: checking for gcc option to accept ISO C89
configure:3820: gcc  -c -g -O2  conftest.c >&5
configure:3820: $? = 0
configure:3833: result: none needed
configure:3858: checking whether gcc understands -c and -o together
configure:3880: gcc -c conftest.c -o conftest2.o
configure:3883: $? = 0
configure:3880: gcc -c conftest.c -o conftest2.o
configure:3883: $? = 0
configure:3895: result: yes
configure:3923: checking for style of include used by make
configure:3951: result: GNU
configure:3977: checking dependency style of gcc
configure:4088: result: gcc3
configure:4109: checking how to run the C preprocessor
configure:4140: gcc -E  conftest.c
configure:4140: $? = 0
configure:4154: gcc -E  conftest.c
conftest.c:11:28: fatal error: ac_nonexistent.h: No such file or directory
 #include <ac_nonexistent.h>
                            ^
compilation terminated.
configure:4154: $? = 1
configure: failed program was:
| /* confdefs.h */
| #define PACKAGE_NAME "xfce4-timer-plugin"
| #define PACKAGE_TARNAME "xfce4-timer-plugin"
| #define PACKAGE_VERSION "1.6.0"
| #define PACKAGE_STRING "xfce4-timer-plugin 1.6.0"
| #define PACKAGE_BUGREPORT "ilgar_eroglu@yahoo.com"
| #define PACKAGE_URL ""
| #define PACKAGE "xfce4-timer-plugin"
| #define VERSION "1.6.0"
| /* end confdefs.h.  */
| #include <ac_nonexistent.h>
configure:4179: result: gcc -E
configure:4199: gcc -E  conftest.c
configure:4199: $? = 0
configure:4213: gcc -E  conftest.c
conftest.c:11:28: fatal error: ac_nonexistent.h: No such file or directory
 #include <ac_nonexistent.h>
                            ^
compilation terminated.
configure:4213: $? = 1
configure: failed program was:
| /* confdefs.h */
| #define PACKAGE_NAME "xfce4-timer-plugin"
| #define PACKAGE_TARNAME "xfce4-timer-plugin"
| #define PACKAGE_VERSION "1.6.0"
| #define PACKAGE_STRING "xfce4-timer-plugin 1.6.0"
| #define PACKAGE_BUGREPORT "ilgar_eroglu@yahoo.com"
| #define PACKAGE_URL ""
| #define PACKAGE "xfce4-timer-plugin"
| #define VERSION "1.6.0"
| /* end confdefs.h.  */
| #include <ac_nonexistent.h>
configure:4242: checking for grep that handles long lines and -e
configure:4300: result: /bin/grep
configure:4305: checking for egrep
configure:4367: result: /bin/grep -E
configure:4372: checking for ANSI C header files
configure:4392: gcc -c -g -O2  conftest.c >&5
configure:4392: $? = 0
configure:4465: gcc -o conftest -g -O2   conftest.c  >&5
configure:4465: $? = 0
configure:4465: ./conftest
configure:4465: $? = 0
configure:4476: result: yes
configure:4514: checking build system type
configure:4528: result: x86_64-unknown-linux-gnu
configure:4548: checking host system type
configure:4561: result: x86_64-unknown-linux-gnu
configure:4602: checking how to print strings
configure:4629: result: printf
configure:4650: checking for a sed that does not truncate output
configure:4714: result: /bin/sed
configure:4732: checking for fgrep
configure:4794: result: /bin/grep -F
configure:4829: checking for ld used by gcc
configure:4896: result: /usr/bin/ld
configure:4903: checking if the linker (/usr/bin/ld) is GNU ld
configure:4918: result: yes
configure:4930: checking for BSD- or MS-compatible name lister (nm)
configure:4979: result: /usr/bin/nm -B
configure:5109: checking the name lister (/usr/bin/nm -B) interface
configure:5116: gcc -c -g -O2  conftest.c >&5
configure:5119: /usr/bin/nm -B "conftest.o"
configure:5122: output
0000000000000000 B some_variable
configure:5129: result: BSD nm
configure:5132: checking whether ln -s works
configure:5136: result: yes
configure:5144: checking the maximum length of command line arguments
configure:5275: result: 3458764513820540925
configure:5292: checking whether the shell understands some XSI constructs
configure:5302: result: yes
configure:5306: checking whether the shell understands "+="
configure:5312: result: yes
configure:5347: checking how to convert x86_64-unknown-linux-gnu file names to x86_64-unknown-linux-gnu format
configure:5387: result: func_convert_file_noop
configure:5394: checking how to convert x86_64-unknown-linux-gnu file names to toolchain format
configure:5414: result: func_convert_file_noop
configure:5421: checking for /usr/bin/ld option to reload object files
configure:5428: result: -r
configure:5502: checking for objdump
configure:5518: found /usr/bin/objdump
configure:5529: result: objdump
configure:5561: checking how to recognize dependent libraries
configure:5759: result: pass_all
configure:5844: checking for dlltool
configure:5874: result: no
configure:5904: checking how to associate runtime and link libraries
configure:5931: result: printf %s\n
configure:5991: checking for ar
configure:6007: found /usr/bin/ar
configure:6018: result: ar
configure:6055: checking for archiver @FILE support
configure:6072: gcc -c -g -O2  conftest.c >&5
configure:6072: $? = 0
configure:6075: ar cru libconftest.a @conftest.lst >&5
configure:6078: $? = 0
configure:6083: ar cru libconftest.a @conftest.lst >&5
ar: conftest.o: No such file or directory
configure:6086: $? = 1
configure:6098: result: @
configure:6156: checking for strip
configure:6172: found /usr/bin/strip
configure:6183: result: strip
configure:6255: checking for ranlib
configure:6271: found /usr/bin/ranlib
configure:6282: result: ranlib
configure:6384: checking command to parse /usr/bin/nm -B output from gcc object
configure:6504: gcc -c -g -O2  conftest.c >&5
configure:6507: $? = 0
configure:6511: /usr/bin/nm -B conftest.o \| sed -n -e 's/^.*[ ]\([ABCDGIRSTW][ABCDGIRSTW]*\)[ ][ ]*\([_A-Za-z][_A-Za-z0-9]*\)$/\1 \2 \2/p' | sed '/ __gnu_lto/d' \> conftest.nm
configure:6514: $? = 0
configure:6580: gcc -o conftest -g -O2   conftest.c conftstm.o >&5
configure:6583: $? = 0
configure:6621: result: ok
configure:6658: checking for sysroot
configure:6688: result: no
configure:6765: gcc -c -g -O2  conftest.c >&5
configure:6768: $? = 0
configure:6957: checking for mt
configure:6973: found /bin/mt
configure:6984: result: mt
configure:7007: checking if mt is a manifest tool
configure:7013: mt '-?'
configure:7021: result: no
configure:7663: checking for sys/types.h
configure:7663: gcc -c -g -O2  conftest.c >&5
configure:7663: $? = 0
configure:7663: result: yes
configure:7663: checking for sys/stat.h
configure:7663: gcc -c -g -O2  conftest.c >&5
configure:7663: $? = 0
configure:7663: result: yes
configure:7663: checking for stdlib.h
configure:7663: gcc -c -g -O2  conftest.c >&5
configure:7663: $? = 0
configure:7663: result: yes
configure:7663: checking for string.h
configure:7663: gcc -c -g -O2  conftest.c >&5
configure:7663: $? = 0
configure:7663: result: yes
configure:7663: checking for memory.h
configure:7663: gcc -c -g -O2  conftest.c >&5
configure:7663: $? = 0
configure:7663: result: yes
configure:7663: checking for strings.h
configure:7663: gcc -c -g -O2  conftest.c >&5
configure:7663: $? = 0
configure:7663: result: yes
configure:7663: checking for inttypes.h
configure:7663: gcc -c -g -O2  conftest.c >&5
configure:7663: $? = 0
configure:7663: result: yes
configure:7663: checking for stdint.h
configure:7663: gcc -c -g -O2  conftest.c >&5
configure:7663: $? = 0
configure:7663: result: yes
configure:7663: checking for unistd.h
configure:7663: gcc -c -g -O2  conftest.c >&5
configure:7663: $? = 0
configure:7663: result: yes
configure:7677: checking for dlfcn.h
configure:7677: gcc -c -g -O2  conftest.c >&5
configure:7677: $? = 0
configure:7677: result: yes
configure:7883: checking for objdir
configure:7898: result: .libs
configure:8165: checking if gcc supports -fno-rtti -fno-exceptions
configure:8183: gcc -c -g -O2  -fno-rtti -fno-exceptions conftest.c >&5
cc1: warning: command line option '-fno-rtti' is valid for C++/ObjC++ but not for C [enabled by default]
configure:8187: $? = 0
configure:8200: result: no
configure:8527: checking for gcc option to produce PIC
configure:8534: result: -fPIC -DPIC
configure:8542: checking if gcc PIC flag -fPIC -DPIC works
configure:8560: gcc -c -g -O2  -fPIC -DPIC -DPIC conftest.c >&5
configure:8564: $? = 0
configure:8577: result: yes
configure:8606: checking if gcc static flag -static works
configure:8634: result: yes
configure:8649: checking if gcc supports -c -o file.o
configure:8670: gcc -c -g -O2  -o out/conftest2.o conftest.c >&5
configure:8674: $? = 0
configure:8696: result: yes
configure:8704: checking if gcc supports -c -o file.o
configure:8751: result: yes
configure:8784: checking whether the gcc linker (/usr/bin/ld -m elf_x86_64) supports shared libraries
configure:9941: result: yes
configure:9978: checking whether -lc should be explicitly linked in
configure:9986: gcc -c -g -O2  conftest.c >&5
configure:9989: $? = 0
configure:10004: gcc -shared  -fPIC -DPIC conftest.o  -v -Wl,-soname -Wl,conftest -o conftest 2\>\&1 \| /bin/grep  -lc  \>/dev/null 2\>\&1
configure:10007: $? = 0
configure:10021: result: no
configure:10181: checking dynamic linker characteristics
configure:10681: gcc -o conftest -g -O2   -Wl,-rpath -Wl,/foo conftest.c  >&5
configure:10681: $? = 0
configure:10915: result: GNU/Linux ld.so
configure:11022: checking how to hardcode library paths into programs
configure:11047: result: immediate
configure:11587: checking whether stripping libraries is possible
configure:11592: result: yes
configure:11627: checking if libtool supports shared libraries
configure:11629: result: yes
configure:11632: checking whether to build shared libraries
configure:11653: result: yes
configure:11656: checking whether to build static libraries
configure:11660: result: yes
configure:11698: checking whether NLS is requested
configure:11707: result: yes
configure:11735: checking for intltool-update
configure:11753: found /usr/bin/intltool-update
configure:11765: result: /usr/bin/intltool-update
configure:11775: checking for intltool-merge
configure:11793: found /usr/bin/intltool-merge
configure:11805: result: /usr/bin/intltool-merge
configure:11815: checking for intltool-extract
configure:11833: found /usr/bin/intltool-extract
configure:11845: result: /usr/bin/intltool-extract
configure:11999: checking for xgettext
configure:12017: found /usr/bin/xgettext
configure:12029: result: /usr/bin/xgettext
configure:12039: checking for msgmerge
configure:12057: found /usr/bin/msgmerge
configure:12069: result: /usr/bin/msgmerge
configure:12079: checking for msgfmt
configure:12097: found /usr/bin/msgfmt
configure:12109: result: /usr/bin/msgfmt
configure:12119: checking for gmsgfmt
configure:12150: result: /usr/bin/msgfmt
configure:12170: checking for perl
configure:12188: found /usr/bin/perl
configure:12200: result: /usr/bin/perl
configure:12211: checking for perl >= 5.8.1
configure:12218: result: 5.18.2
configure:12222: checking for XML::Parser
configure:12225: result: ok
configure:12250: gcc -o conftest -g -O2   conftest.c  >&5
configure:12250: $? = 0
configure:12278: checking for ANSI C header files
configure:12382: result: yes
configure:12404: checking locale.h usability
configure:12404: gcc -c -g -O2  conftest.c >&5
configure:12404: $? = 0
configure:12404: result: yes
configure:12404: checking locale.h presence
configure:12404: gcc -E  conftest.c
configure:12404: $? = 0
configure:12404: result: yes
configure:12404: checking for locale.h
configure:12404: result: yes
configure:12415: checking for LC_MESSAGES
configure:12431: gcc -o conftest -g -O2   conftest.c  >&5
configure:12431: $? = 0
configure:12439: result: yes
configure:12456: checking libintl.h usability
configure:12456: gcc -c -g -O2  conftest.c >&5
configure:12456: $? = 0
configure:12456: result: yes
configure:12456: checking libintl.h presence
configure:12456: gcc -E  conftest.c
configure:12456: $? = 0
configure:12456: result: yes
configure:12456: checking for libintl.h
configure:12456: result: yes
configure:12464: checking for ngettext in libc
configure:12482: gcc -o conftest -g -O2   conftest.c  >&5
configure:12482: $? = 0
configure:12491: result: yes
configure:12495: checking for dgettext in libc
configure:12513: gcc -o conftest -g -O2   conftest.c  >&5
configure:12513: $? = 0
configure:12522: result: yes
configure:12529: checking for bind_textdomain_codeset
configure:12529: gcc -o conftest -g -O2   conftest.c  >&5
configure:12529: $? = 0
configure:12529: result: yes
configure:12805: checking for msgfmt
configure:12832: result: /usr/bin/msgfmt
configure:12843: checking for dcgettext
configure:12843: gcc -o conftest -g -O2   conftest.c   >&5
conftest.c:52:6: warning: conflicting types for built-in function 'dcgettext' [enabled by default]
 char dcgettext ();
      ^
configure:12843: $? = 0
configure:12843: result: yes
configure:12853: checking if msgfmt accepts -c
configure:12868: $MSGFMT -c -o /dev/null conftest.foo
conftest.foo:3: warning: header field 'Language' missing in header
configure:12871: $? = 0
configure:12873: result: yes
configure:12883: checking for gmsgfmt
configure:12914: result: /usr/bin/msgfmt
configure:12924: checking for xgettext
configure:12951: result: /usr/bin/xgettext
configure:12970: gcc -o conftest -g -O2   conftest.c   >&5
configure:12970: $? = 0
configure:13052: checking for catalogs to be installed
configure:13077: result:  ar ast bg ca cs da de el en_AU en_GB es eu fr gl he hr hu id is it ja ko lt lv ms nb nl oc pl pt_BR pt ru sk sq sr sv th tr ug uk ur_PK ur zh_CN zh_TW
configure:13110: checking for bind_textdomain_codeset
configure:13110: result: yes
configure:13116: checking for locales directory
configure:13132: result: ${datarootdir}/locale
configure:13136: checking for additional xgettext flags
configure:13144: result: --keyword=Q_ --from-code=UTF-8
configure:13208: checking for pkg-config
configure:13226: found /usr/bin/pkg-config
configure:13238: result: /usr/bin/pkg-config
configure:13263: checking pkg-config is at least version 0.9.0
configure:13266: result: yes
configure:13288: checking for gthread-2.0 >= 2.4.0
configure:13292: result: 2.40.2
configure:13295: checking GTHREAD_CFLAGS
configure:13298: result: -pthread -I/usr/include/glib-2.0 -I/usr/lib/x86_64-linux-gnu/glib-2.0/include  
configure:13301: checking GTHREAD_LIBS
configure:13304: result: -pthread -lgthread-2.0 -lglib-2.0  
configure:13403: checking for pkg-config
configure:13433: result: /usr/bin/pkg-config
configure:13458: checking pkg-config is at least version 0.9.0
configure:13461: result: yes
configure:13483: checking for gtk+-2.0 >= 2.4.0
configure:13487: result: 2.24.23
configure:13490: checking GTK_CFLAGS
configure:13493: result: -pthread -I/usr/include/gtk-2.0 -I/usr/lib/x86_64-linux-gnu/gtk-2.0/include -I/usr/include/atk-1.0 -I/usr/include/cairo -I/usr/include/gdk-pixbuf-2.0 -I/usr/include/pango-1.0 -I/usr/include/gio-unix-2.0/ -I/usr/include/freetype2 -I/usr/include/glib-2.0 -I/usr/lib/x86_64-linux-gnu/glib-2.0/include -I/usr/include/pixman-1 -I/usr/include/libpng12 -I/usr/include/harfbuzz  
configure:13496: checking GTK_LIBS
configure:13499: result: -lgtk-x11-2.0 -lgdk-x11-2.0 -latk-1.0 -lgio-2.0 -lpangoft2-1.0 -lpangocairo-1.0 -lgdk_pixbuf-2.0 -lcairo -lpango-1.0 -lfontconfig -lgobject-2.0 -lglib-2.0 -lfreetype  
configure:13598: checking for pkg-config
configure:13628: result: /usr/bin/pkg-config
configure:13653: checking pkg-config is at least version 0.9.0
configure:13656: result: yes
configure:13678: checking for libxfce4ui-1 >= 4.8.0
configure:13682: result: 4.11.1
configure:13685: checking LIBXFCE4UI_CFLAGS
configure:13688: result: -pthread -I/usr/include/xfce4/libxfce4ui-1 -I/usr/include/gtk-2.0 -I/usr/include/xfce4 -I/usr/lib/x86_64-linux-gnu/gtk-2.0/include -I/usr/include/atk-1.0 -I/usr/include/cairo -I/usr/include/gdk-pixbuf-2.0 -I/usr/include/pango-1.0 -I/usr/include/gio-unix-2.0/ -I/usr/include/freetype2 -I/usr/include/glib-2.0 -I/usr/lib/x86_64-linux-gnu/glib-2.0/include -I/usr/include/pixman-1 -I/usr/include/libpng12 -I/usr/include/harfbuzz  
configure:13691: checking LIBXFCE4UI_LIBS
configure:13694: result: -lxfce4ui-1 -lgtk-x11-2.0 -lxfce4util -lgdk-x11-2.0 -latk-1.0 -lgio-2.0 -lpangoft2-1.0 -lpangocairo-1.0 -lgdk_pixbuf-2.0 -lcairo -lpango-1.0 -lfontconfig -lgobject-2.0 -lfreetype -lglib-2.0  
configure:14174: checking for pkg-config
configure:14204: result: /usr/bin/pkg-config
configure:14229: checking pkg-config is at least version 0.9.0
configure:14232: result: yes
configure:14254: checking for libxfce4panel-1.0 >= 4.3.20
configure:14258: result: 4.11.0
configure:14261: checking LIBXFCE4PANEL_CFLAGS
configure:14264: result: -pthread -I/usr/include/xfce4/libxfce4panel-1.0 -I/usr/include/gtk-2.0 -I/usr/include/glib-2.0 -I/usr/lib/x86_64-linux-gnu/glib-2.0/include -I/usr/include/xfce4 -I/usr/lib/x86_64-linux-gnu/gtk-2.0/include -I/usr/include/atk-1.0 -I/usr/include/cairo -I/usr/include/gdk-pixbuf-2.0 -I/usr/include/pango-1.0 -I/usr/include/gio-unix-2.0/ -I/usr/include/freetype2 -I/usr/include/pixman-1 -I/usr/include/libpng12 -I/usr/include/harfbuzz  
configure:14267: checking LIBXFCE4PANEL_LIBS
configure:14270: result: -Wl,--export-dynamic -pthread -lxfce4panel-1.0 -lgtk-x11-2.0 -lgmodule-2.0 -lxfce4util -lgdk-x11-2.0 -latk-1.0 -lgio-2.0 -lpangoft2-1.0 -lpangocairo-1.0 -lgdk_pixbuf-2.0 -lcairo -lpango-1.0 -lfontconfig -lgobject-2.0 -lfreetype -lglib-2.0  
configure:14382: checking for pkg-config
configure:14412: result: /usr/bin/pkg-config
configure:14437: checking pkg-config is at least version 0.9.0
configure:14440: result: yes
configure:14462: checking for libxfce4panel-1.0 >= 4.8.0
configure:14466: result: 4.11.0
configure:14469: checking XFCE48_CFLAGS
configure:14472: result: -pthread -I/usr/include/xfce4/libxfce4panel-1.0 -I/usr/include/gtk-2.0 -I/usr/include/glib-2.0 -I/usr/lib/x86_64-linux-gnu/glib-2.0/include -I/usr/include/xfce4 -I/usr/lib/x86_64-linux-gnu/gtk-2.0/include -I/usr/include/atk-1.0 -I/usr/include/cairo -I/usr/include/gdk-pixbuf-2.0 -I/usr/include/pango-1.0 -I/usr/include/gio-unix-2.0/ -I/usr/include/freetype2 -I/usr/include/pixman-1 -I/usr/include/libpng12 -I/usr/include/harfbuzz  
configure:14475: checking XFCE48_LIBS
configure:14478: result: -Wl,--export-dynamic -pthread -lxfce4panel-1.0 -lgtk-x11-2.0 -lgmodule-2.0 -lxfce4util -lgdk-x11-2.0 -latk-1.0 -lgio-2.0 -lpangoft2-1.0 -lpangocairo-1.0 -lgdk_pixbuf-2.0 -lcairo -lpango-1.0 -lfontconfig -lgobject-2.0 -lfreetype -lglib-2.0  
configure:14604: checking for pkg-config
configure:14634: result: /usr/bin/pkg-config
configure:14659: checking pkg-config is at least version 0.9.0
configure:14662: result: yes
configure:14684: checking for libxfce4util-1.0 >= 4.3.0
configure:14688: result: 4.10.1
configure:14691: checking LIBXFCE4UTIL_CFLAGS
configure:14694: result: -I/usr/include/xfce4 -I/usr/include/glib-2.0 -I/usr/lib/x86_64-linux-gnu/glib-2.0/include  
configure:14697: checking LIBXFCE4UTIL_LIBS
configure:14700: result: -lxfce4util -lglib-2.0  
configure:14852: checking that generated files are newer than configure
configure:14858: result: done
configure:14897: creating ./config.status

## ---------------- ##
## Cache variables. ##
## ---------------- ##

ac_cv_build=x86_64-unknown-linux-gnu
ac_cv_c_compiler_gnu=yes
ac_cv_env_CC_set=
ac_cv_env_CC_value=
ac_cv_env_CFLAGS_set=
ac_cv_env_CFLAGS_value=
ac_cv_env_CPPFLAGS_set=
ac_cv_env_CPPFLAGS_value=
ac_cv_env_CPP_set=
ac_cv_env_CPP_value=
ac_cv_env_LDFLAGS_set=
ac_cv_env_LDFLAGS_value=
ac_cv_env_LIBS_set=
ac_cv_env_LIBS_value=
ac_cv_env_PKG_CONFIG_LIBDIR_set=
ac_cv_env_PKG_CONFIG_LIBDIR_value=
ac_cv_env_PKG_CONFIG_PATH_set=
ac_cv_env_PKG_CONFIG_PATH_value=
ac_cv_env_PKG_CONFIG_set=
ac_cv_env_PKG_CONFIG_value=
ac_cv_env_build_alias_set=
ac_cv_env_build_alias_value=
ac_cv_env_host_alias_set=
ac_cv_env_host_alias_value=
ac_cv_env_target_alias_set=
ac_cv_env_target_alias_value=
ac_cv_func_bind_textdomain_codeset=yes
ac_cv_func_dcgettext=yes
ac_cv_header_dlfcn_h=yes
ac_cv_header_inttypes_h=yes
ac_cv_header_libintl_h=yes
ac_cv_header_locale_h=yes
ac_cv_header_memory_h=yes
ac_cv_header_stdc=yes
ac_cv_header_stdint_h=yes
ac_cv_header_stdlib_h=yes
ac_cv_header_string_h=yes
ac_cv_header_strings_h=yes
ac_cv_header_sys_stat_h=yes
ac_cv_header_sys_types_h=yes
ac_cv_header_unistd_h=yes
ac_cv_host=x86_64-unknown-linux-gnu
ac_cv_objext=o
ac_cv_path_EGREP='/bin/grep -E'
ac_cv_path_FGREP='/bin/grep -F'
ac_cv_path_GMSGFMT=/usr/bin/msgfmt
ac_cv_path_GREP=/bin/grep
ac_cv_path_INTLTOOL_EXTRACT=/usr/bin/intltool-extract
ac_cv_path_INTLTOOL_MERGE=/usr/bin/intltool-merge
ac_cv_path_INTLTOOL_PERL=/usr/bin/perl
ac_cv_path_INTLTOOL_UPDATE=/usr/bin/intltool-update
ac_cv_path_MSGFMT=/usr/bin/msgfmt
ac_cv_path_MSGMERGE=/usr/bin/msgmerge
ac_cv_path_SED=/bin/sed
ac_cv_path_XGETTEXT=/usr/bin/xgettext
ac_cv_path_ac_pt_PKG_CONFIG=/usr/bin/pkg-config
ac_cv_path_install='/usr/bin/install -c'
ac_cv_path_mkdir=/bin/mkdir
ac_cv_prog_AWK=mawk
ac_cv_prog_CPP='gcc -E'
ac_cv_prog_ac_ct_AR=ar
ac_cv_prog_ac_ct_CC=gcc
ac_cv_prog_ac_ct_MANIFEST_TOOL=mt
ac_cv_prog_ac_ct_OBJDUMP=objdump
ac_cv_prog_ac_ct_RANLIB=ranlib
ac_cv_prog_ac_ct_STRIP=strip
ac_cv_prog_cc_c89=
ac_cv_prog_cc_g=yes
ac_cv_prog_make_make_set=yes
am_cv_CC_dependencies_compiler_type=gcc3
am_cv_make_support_nested_variables=yes
am_cv_prog_cc_c_o=yes
am_cv_prog_tar_ustar=gnutar
am_cv_val_LC_MESSAGES=yes
gt_cv_func_dgettext_libc=yes
gt_cv_func_dgettext_libintl=no
gt_cv_func_ngettext_libc=yes
gt_cv_have_gettext=yes
lt_cv_ar_at_file=@
lt_cv_archive_cmds_need_lc=no
lt_cv_deplibs_check_method=pass_all
lt_cv_file_magic_cmd='$MAGIC_CMD'
lt_cv_file_magic_test_file=
lt_cv_ld_reload_flag=-r
lt_cv_nm_interface='BSD nm'
lt_cv_objdir=.libs
lt_cv_path_LD=/usr/bin/ld
lt_cv_path_NM='/usr/bin/nm -B'
lt_cv_path_mainfest_tool=no
lt_cv_prog_compiler_c_o=yes
lt_cv_prog_compiler_pic='-fPIC -DPIC'
lt_cv_prog_compiler_pic_works=yes
lt_cv_prog_compiler_rtti_exceptions=no
lt_cv_prog_compiler_static_works=yes
lt_cv_prog_gnu_ld=yes
lt_cv_sharedlib_from_linklib_cmd='printf %s\n'
lt_cv_shlibpath_overrides_runpath=no
lt_cv_sys_global_symbol_pipe='sed -n -e '\''s/^.*[	 ]\([ABCDGIRSTW][ABCDGIRSTW]*\)[	 ][	 ]*\([_A-Za-z][_A-Za-z0-9]*\)$/\1 \2 \2/p'\'' | sed '\''/ __gnu_lto/d'\'''
lt_cv_sys_global_symbol_to_c_name_address='sed -n -e '\''s/^: \([^ ]*\)[ ]*$/  {\"\1\", (void *) 0},/p'\'' -e '\''s/^[ABCDGIRSTW]* \([^ ]*\) \([^ ]*\)$/  {"\2", (void *) \&\2},/p'\'''
lt_cv_sys_global_symbol_to_c_name_address_lib_prefix='sed -n -e '\''s/^: \([^ ]*\)[ ]*$/  {\"\1\", (void *) 0},/p'\'' -e '\''s/^[ABCDGIRSTW]* \([^ ]*\) \(lib[^ ]*\)$/  {"\2", (void *) \&\2},/p'\'' -e '\''s/^[ABCDGIRSTW]* \([^ ]*\) \([^ ]*\)$/  {"lib\2", (void *) \&\2},/p'\'''
lt_cv_sys_global_symbol_to_cdecl='sed -n -e '\''s/^T .* \(.*\)$/extern int \1();/p'\'' -e '\''s/^[ABCDGIRSTW]* .* \(.*\)$/extern char \1;/p'\'''
lt_cv_sys_max_cmd_len=3458764513820540925
lt_cv_to_host_file_cmd=func_convert_file_noop
lt_cv_to_tool_file_cmd=func_convert_file_noop
xdt_cv_PKG_CONFIG_MIN_VERSION=0.9.0
xdt_cv_XFCE48_check=yes

## ----------------- ##
## Output variables. ##
## ----------------- ##

ACLOCAL='${SHELL} /home/saraoman/NewSWMProj/xfce4-timer-plugin/missing aclocal-1.14'
ALL_LINGUAS='ar ast bg ca cs da de el en_AU en_GB es eu fr gl he hr hu id is it ja ko lt lv ms nb nl oc pl pt_BR pt ru sk sq sr sv th tr ug uk ur_PK ur zh_CN zh_TW '
AMDEPBACKSLASH='\'
AMDEP_FALSE='#'
AMDEP_TRUE=''
AMTAR='$${TAR-tar}'
AM_BACKSLASH='\'
AM_DEFAULT_V='$(AM_DEFAULT_VERBOSITY)'
AM_DEFAULT_VERBOSITY='1'
AM_V='$(V)'
AR='ar'
AUTOCONF='${SHELL} /home/saraoman/NewSWMProj/xfce4-timer-plugin/missing autoconf'
AUTOHEADER='${SHELL} /home/saraoman/NewSWMProj/xfce4-timer-plugin/missing autoheader'
AUTOMAKE='${SHELL} /home/saraoman/NewSWMProj/xfce4-timer-plugin/missing automake-1.14'
AWK='mawk'
CATALOGS=' ar.gmo ast.gmo bg.gmo ca.gmo cs.gmo da.gmo de.gmo el.gmo en_AU.gmo en_GB.gmo es.gmo eu.gmo fr.gmo gl.gmo he.gmo hr.gmo hu.gmo id.gmo is.gmo it.gmo ja.gmo ko.gmo lt.gmo lv.gmo ms.gmo nb.gmo nl.gmo oc.gmo pl.gmo pt_BR.gmo pt.gmo ru.gmo sk.gmo sq.gmo sr.gmo sv.gmo th.gmo tr.gmo ug.gmo uk.gmo ur_PK.gmo ur.gmo zh_CN.gmo zh_TW.gmo'
CATOBJEXT='.gmo'
CC='gcc'
CCDEPMODE='depmode=gcc3'
CFLAGS='-g -O2'
CPP='gcc -E'
CPPFLAGS=''
CYGPATH_W='echo'
DATADIRNAME='share'
DEFS='-DHAVE_CONFIG_H'
DEPDIR='.deps'
DLLTOOL='false'
DSYMUTIL=''
DUMPBIN=''
ECHO_C=''
ECHO_N='-n'
ECHO_T=''
EGREP='/bin/grep -E'
EXEEXT=''
FGREP='/bin/grep -F'
GETTEXT_PACKAGE='xfce4-timer-plugin'
GMOFILES=' ar.gmo ast.gmo bg.gmo ca.gmo cs.gmo da.gmo de.gmo el.gmo en_AU.gmo en_GB.gmo es.gmo eu.gmo fr.gmo gl.gmo he.gmo hr.gmo hu.gmo id.gmo is.gmo it.gmo ja.gmo ko.gmo lt.gmo lv.gmo ms.gmo nb.gmo nl.gmo oc.gmo pl.gmo pt_BR.gmo pt.gmo ru.gmo sk.gmo sq.gmo sr.gmo sv.gmo th.gmo tr.gmo ug.gmo uk.gmo ur_PK.gmo ur.gmo zh_CN.gmo zh_TW.gmo'
GMSGFMT='/usr/bin/msgfmt'
GREP='/bin/grep'
GTHREAD_CFLAGS='-pthread -I/usr/include/glib-2.0 -I/usr/lib/x86_64-linux-gnu/glib-2.0/include  '
GTHREAD_LIBS='-pthread -lgthread-2.0 -lglib-2.0  '
GTHREAD_REQUIRED_VERSION='2.4.0'
GTHREAD_VERSION='2.40.2'
GTK_CFLAGS='-pthread -I/usr/include/gtk-2.0 -I/usr/lib/x86_64-linux-gnu/gtk-2.0/include -I/usr/include/atk-1.0 -I/usr/include/cairo -I/usr/include/gdk-pixbuf-2.0 -I/usr/include/pango-1.0 -I/usr/include/gio-unix-2.0/ -I/usr/include/freetype2 -I/usr/include/glib-2.0 -I/usr/lib/x86_64-linux-gnu/glib-2.0/include -I/usr/include/pixman-1 -I/usr/include/libpng12 -I/usr/include/harfbuzz  '
GTK_LIBS='-lgtk-x11-2.0 -lgdk-x11-2.0 -latk-1.0 -lgio-2.0 -lpangoft2-1.0 -lpangocairo-1.0 -lgdk_pixbuf-2.0 -lcairo -lpango-1.0 -lfontconfig -lgobject-2.0 -lglib-2.0 -lfreetype  '
GTK_REQUIRED_VERSION='2.4.0'
GTK_VERSION='2.24.23'
HAVE_4UI_FALSE='#'
HAVE_4UI_TRUE=''
HAVE_XFCE48_FALSE='#'
HAVE_XFCE48_TRUE=''
INSTALL_DATA='${INSTALL} -m 644'
INSTALL_PROGRAM='${INSTALL}'
INSTALL_SCRIPT='${INSTALL}'
INSTALL_STRIP_PROGRAM='$(install_sh) -c -s'
INSTOBJEXT='.mo'
INTLLIBS=''
INTLTOOL_CAVES_RULE='%.caves:     %.caves.in     $(INTLTOOL_MERGE) $(wildcard $(top_srcdir)/po/*.po) ; $(INTLTOOL_V_MERGE)LC_ALL=C $(INTLTOOL_MERGE) $(INTLTOOL_V_MERGE_OPTIONS) -d -u -c $(top_builddir)/po/.intltool-merge-cache $(top_srcdir)/po $< $@'
INTLTOOL_DESKTOP_RULE='%.desktop:   %.desktop.in   $(INTLTOOL_MERGE) $(wildcard $(top_srcdir)/po/*.po) ; $(INTLTOOL_V_MERGE)LC_ALL=C $(INTLTOOL_MERGE) $(INTLTOOL_V_MERGE_OPTIONS) -d -u -c $(top_builddir)/po/.intltool-merge-cache $(top_srcdir)/po $< $@'
INTLTOOL_DIRECTORY_RULE='%.directory: %.directory.in $(INTLTOOL_MERGE) $(wildcard $(top_srcdir)/po/*.po) ; $(INTLTOOL_V_MERGE)LC_ALL=C $(INTLTOOL_MERGE) $(INTLTOOL_V_MERGE_OPTIONS) -d -u -c $(top_builddir)/po/.intltool-merge-cache $(top_srcdir)/po $< $@'
INTLTOOL_EXTRACT='/usr/bin/intltool-extract'
INTLTOOL_KBD_RULE='%.kbd:       %.kbd.in       $(INTLTOOL_MERGE) $(wildcard $(top_srcdir)/po/*.po) ; $(INTLTOOL_V_MERGE)LC_ALL=C $(INTLTOOL_MERGE) $(INTLTOOL_V_MERGE_OPTIONS) -x -u -m -c $(top_builddir)/po/.intltool-merge-cache $(top_srcdir)/po $< $@'
INTLTOOL_KEYS_RULE='%.keys:      %.keys.in      $(INTLTOOL_MERGE) $(wildcard $(top_srcdir)/po/*.po) ; $(INTLTOOL_V_MERGE)LC_ALL=C $(INTLTOOL_MERGE) $(INTLTOOL_V_MERGE_OPTIONS) -k -u -c $(top_builddir)/po/.intltool-merge-cache $(top_srcdir)/po $< $@'
INTLTOOL_MERGE='/usr/bin/intltool-merge'
INTLTOOL_OAF_RULE='%.oaf:       %.oaf.in       $(INTLTOOL_MERGE) $(wildcard $(top_srcdir)/po/*.po) ; $(INTLTOOL_V_MERGE)LC_ALL=C $(INTLTOOL_MERGE) $(INTLTOOL_V_MERGE_OPTIONS) -o -p $(top_srcdir)/po $< $@'
INTLTOOL_PERL='/usr/bin/perl'
INTLTOOL_POLICY_RULE='%.policy:    %.policy.in    $(INTLTOOL_MERGE) $(wildcard $(top_srcdir)/po/*.po) ; $(INTLTOOL_V_MERGE)LC_ALL=C $(INTLTOOL_MERGE) $(INTLTOOL_V_MERGE_OPTIONS) -x -u -c $(top_builddir)/po/.intltool-merge-cache $(top_srcdir)/po $< $@'
INTLTOOL_PONG_RULE='%.pong:      %.pong.in      $(INTLTOOL_MERGE) $(wildcard $(top_srcdir)/po/*.po) ; $(INTLTOOL_V_MERGE)LC_ALL=C $(INTLTOOL_MERGE) $(INTLTOOL_V_MERGE_OPTIONS) -x -u -c $(top_builddir)/po/.intltool-merge-cache $(top_srcdir)/po $< $@'
INTLTOOL_PROP_RULE='%.prop:      %.prop.in      $(INTLTOOL_MERGE) $(wildcard $(top_srcdir)/po/*.po) ; $(INTLTOOL_V_MERGE)LC_ALL=C $(INTLTOOL_MERGE) $(INTLTOOL_V_MERGE_OPTIONS) -d -u -c $(top_builddir)/po/.intltool-merge-cache $(top_srcdir)/po $< $@'
INTLTOOL_SCHEMAS_RULE='%.schemas:   %.schemas.in   $(INTLTOOL_MERGE) $(wildcard $(top_srcdir)/po/*.po) ; $(INTLTOOL_V_MERGE)LC_ALL=C $(INTLTOOL_MERGE) $(INTLTOOL_V_MERGE_OPTIONS) -s -u -c $(top_builddir)/po/.intltool-merge-cache $(top_srcdir)/po $< $@'
INTLTOOL_SERVER_RULE='%.server:    %.server.in    $(INTLTOOL_MERGE) $(wildcard $(top_srcdir)/po/*.po) ; $(INTLTOOL_V_MERGE)LC_ALL=C $(INTLTOOL_MERGE) $(INTLTOOL_V_MERGE_OPTIONS) -o -u -c $(top_builddir)/po/.intltool-merge-cache $(top_srcdir)/po $< $@'
INTLTOOL_SERVICE_RULE='%.service: %.service.in   $(INTLTOOL_MERGE) $(wildcard $(top_srcdir)/po/*.po) ; $(INTLTOOL_V_MERGE)LC_ALL=C $(INTLTOOL_MERGE) $(INTLTOOL_V_MERGE_OPTIONS) -d -u -c $(top_builddir)/po/.intltool-merge-cache $(top_srcdir)/po $< $@'
INTLTOOL_SHEET_RULE='%.sheet:     %.sheet.in     $(INTLTOOL_MERGE) $(wildcard $(top_srcdir)/po/*.po) ; $(INTLTOOL_V_MERGE)LC_ALL=C $(INTLTOOL_MERGE) $(INTLTOOL_V_MERGE_OPTIONS) -x -u -c $(top_builddir)/po/.intltool-merge-cache $(top_srcdir)/po $< $@'
INTLTOOL_SOUNDLIST_RULE='%.soundlist: %.soundlist.in $(INTLTOOL_MERGE) $(wildcard $(top_srcdir)/po/*.po) ; $(INTLTOOL_V_MERGE)LC_ALL=C $(INTLTOOL_MERGE) $(INTLTOOL_V_MERGE_OPTIONS) -d -u -c $(top_builddir)/po/.intltool-merge-cache $(top_srcdir)/po $< $@'
INTLTOOL_THEME_RULE='%.theme:     %.theme.in     $(INTLTOOL_MERGE) $(wildcard $(top_srcdir)/po/*.po) ; $(INTLTOOL_V_MERGE)LC_ALL=C $(INTLTOOL_MERGE) $(INTLTOOL_V_MERGE_OPTIONS) -d -u -c $(top_builddir)/po/.intltool-merge-cache $(top_srcdir)/po $< $@'
INTLTOOL_UI_RULE='%.ui:        %.ui.in        $(INTLTOOL_MERGE) $(wildcard $(top_srcdir)/po/*.po) ; $(INTLTOOL_V_MERGE)LC_ALL=C $(INTLTOOL_MERGE) $(INTLTOOL_V_MERGE_OPTIONS) -x -u -c $(top_builddir)/po/.intltool-merge-cache $(top_srcdir)/po $< $@'
INTLTOOL_UPDATE='/usr/bin/intltool-update'
INTLTOOL_V_MERGE='$(INTLTOOL__v_MERGE_$(V))'
INTLTOOL_V_MERGE_OPTIONS='$(intltool__v_merge_options_$(V))'
INTLTOOL_XAM_RULE='%.xam:       %.xml.in       $(INTLTOOL_MERGE) $(wildcard $(top_srcdir)/po/*.po) ; $(INTLTOOL_V_MERGE)LC_ALL=C $(INTLTOOL_MERGE) $(INTLTOOL_V_MERGE_OPTIONS) -x -u -c $(top_builddir)/po/.intltool-merge-cache $(top_srcdir)/po $< $@'
INTLTOOL_XML_NOMERGE_RULE='%.xml:       %.xml.in       $(INTLTOOL_MERGE) ; $(INTLTOOL_V_MERGE)LC_ALL=C $(INTLTOOL_MERGE) $(INTLTOOL_V_MERGE_OPTIONS) -x -u --no-translations $< $@'
INTLTOOL_XML_RULE='%.xml:       %.xml.in       $(INTLTOOL_MERGE) $(wildcard $(top_srcdir)/po/*.po) ; $(INTLTOOL_V_MERGE)LC_ALL=C $(INTLTOOL_MERGE) $(INTLTOOL_V_MERGE_OPTIONS) -x -u -c $(top_builddir)/po/.intltool-merge-cache $(top_srcdir)/po $< $@'
INTLTOOL__v_MERGE_0='@echo "  ITMRG " $@;'
INTLTOOL__v_MERGE_='$(INTLTOOL__v_MERGE_$(AM_DEFAULT_VERBOSITY))'
LD='/usr/bin/ld -m elf_x86_64'
LDFLAGS=''
LIBOBJS=''
LIBS=''
LIBTOOL='$(SHELL) $(top_builddir)/libtool'
LIBXFCE4PANEL_CFLAGS='-pthread -I/usr/include/xfce4/libxfce4panel-1.0 -I/usr/include/gtk-2.0 -I/usr/include/glib-2.0 -I/usr/lib/x86_64-linux-gnu/glib-2.0/include -I/usr/include/xfce4 -I/usr/lib/x86_64-linux-gnu/gtk-2.0/include -I/usr/include/atk-1.0 -I/usr/include/cairo -I/usr/include/gdk-pixbuf-2.0 -I/usr/include/pango-1.0 -I/usr/include/gio-unix-2.0/ -I/usr/include/freetype2 -I/usr/include/pixman-1 -I/usr/include/libpng12 -I/usr/include/harfbuzz  '
LIBXFCE4PANEL_LIBS='-Wl,--export-dynamic -pthread -lxfce4panel-1.0 -lgtk-x11-2.0 -lgmodule-2.0 -lxfce4util -lgdk-x11-2.0 -latk-1.0 -lgio-2.0 -lpangoft2-1.0 -lpangocairo-1.0 -lgdk_pixbuf-2.0 -lcairo -lpango-1.0 -lfontconfig -lgobject-2.0 -lfreetype -lglib-2.0  '
LIBXFCE4PANEL_REQUIRED_VERSION='4.3.20'
LIBXFCE4PANEL_VERSION='4.11.0'
LIBXFCE4UI_CFLAGS='-pthread -I/usr/include/xfce4/libxfce4ui-1 -I/usr/include/gtk-2.0 -I/usr/include/xfce4 -I/usr/lib/x86_64-linux-gnu/gtk-2.0/include -I/usr/include/atk-1.0 -I/usr/include/cairo -I/usr/include/gdk-pixbuf-2.0 -I/usr/include/pango-1.0 -I/usr/include/gio-unix-2.0/ -I/usr/include/freetype2 -I/usr/include/glib-2.0 -I/usr/lib/x86_64-linux-gnu/glib-2.0/include -I/usr/include/pixman-1 -I/usr/include/libpng12 -I/usr/include/harfbuzz  '
LIBXFCE4UI_LIBS='-lxfce4ui-1 -lgtk-x11-2.0 -lxfce4util -lgdk-x11-2.0 -latk-1.0 -lgio-2.0 -lpangoft2-1.0 -lpangocairo-1.0 -lgdk_pixbuf-2.0 -lcairo -lpango-1.0 -lfontconfig -lgobject-2.0 -lfreetype -lglib-2.0  '
LIBXFCE4UI_REQUIRED_VERSION='4.8.0'
LIBXFCE4UI_VERSION='4.11.1'
LIBXFCE4UTIL_CFLAGS='-I/usr/include/xfce4 -I/usr/include/glib-2.0 -I/usr/lib/x86_64-linux-gnu/glib-2.0/include  '
LIBXFCE4UTIL_LIBS='-lxfce4util -lglib-2.0  '
LIBXFCE4UTIL_REQUIRED_VERSION='4.3.0'
LIBXFCE4UTIL_VERSION='4.10.1'
LIBXFCEGUI4_CFLAGS=''
LIBXFCEGUI4_LIBS=''
LIBXFCEGUI4_REQUIRED_VERSION=''
LIBXFCEGUI4_VERSION=''
LIPO=''
LN_S='ln -s'
LTLIBOBJS=''
MAINT='#'
MAINTAINER_MODE_FALSE=''
MAINTAINER_MODE_TRUE='#'
MAKEINFO='${SHELL} /home/saraoman/NewSWMProj/xfce4-timer-plugin/missing makeinfo'
MANIFEST_TOOL=':'
MKDIR_P='/bin/mkdir -p'
MKINSTALLDIRS='./mkinstalldirs'
MSGFMT='/usr/bin/msgfmt'
MSGFMT_OPTS='-c'
MSGMERGE='/usr/bin/msgmerge'
NM='/usr/bin/nm -B'
NMEDIT=''
OBJDUMP='objdump'
OBJEXT='o'
OTOOL64=''
OTOOL=''
PACKAGE='xfce4-timer-plugin'
PACKAGE_BUGREPORT='ilgar_eroglu@yahoo.com'
PACKAGE_NAME='xfce4-timer-plugin'
PACKAGE_STRING='xfce4-timer-plugin 1.6.0'
PACKAGE_TARNAME='xfce4-timer-plugin'
PACKAGE_URL=''
PACKAGE_VERSION='1.6.0'
PATH_SEPARATOR=':'
PKG_CONFIG='/usr/bin/pkg-config'
PKG_CONFIG_LIBDIR=''
PKG_CONFIG_PATH=''
POFILES=' ar.po ast.po bg.po ca.po cs.po da.po de.po el.po en_AU.po en_GB.po es.po eu.po fr.po gl.po he.po hr.po hu.po id.po is.po it.po ja.po ko.po lt.po lv.po ms.po nb.po nl.po oc.po pl.po pt_BR.po pt.po ru.po sk.po sq.po sr.po sv.po th.po tr.po ug.po uk.po ur_PK.po ur.po zh_CN.po zh_TW.po'
POSUB='po'
PO_IN_DATADIR_FALSE=''
PO_IN_DATADIR_TRUE=''
RANLIB='ranlib'
SED='/bin/sed'
SET_MAKE=''
SHELL='/bin/bash'
STRIP='strip'
USE_NLS='yes'
VERSION='1.6.0'
XFCE48_CFLAGS='-pthread -I/usr/include/xfce4/libxfce4panel-1.0 -I/usr/include/gtk-2.0 -I/usr/include/glib-2.0 -I/usr/lib/x86_64-linux-gnu/glib-2.0/include -I/usr/include/xfce4 -I/usr/lib/x86_64-linux-gnu/gtk-2.0/include -I/usr/include/atk-1.0 -I/usr/include/cairo -I/usr/include/gdk-pixbuf-2.0 -I/usr/include/pango-1.0 -I/usr/include/gio-unix-2.0/ -I/usr/include/freetype2 -I/usr/include/pixman-1 -I/usr/include/libpng12 -I/usr/include/harfbuzz  '
XFCE48_LIBS='-Wl,--export-dynamic -pthread -lxfce4panel-1.0 -lgtk-x11-2.0 -lgmodule-2.0 -lxfce4util -lgdk-x11-2.0 -latk-1.0 -lgio-2.0 -lpangoft2-1.0 -lpangocairo-1.0 -lgdk_pixbuf-2.0 -lcairo -lpango-1.0 -lfontconfig -lgobject-2.0 -lfreetype -lglib-2.0  '
XFCE48_REQUIRED_VERSION='4.8.0'
XFCE48_VERSION='4.11.0'
XGETTEXT='/usr/bin/xgettext'
XGETTEXT_ARGS='--keyword=Q_ --from-code=UTF-8'
ac_ct_AR='ar'
ac_ct_CC='gcc'
ac_ct_DUMPBIN=''
am__EXEEXT_FALSE=''
am__EXEEXT_TRUE='#'
am__fastdepCC_FALSE='#'
am__fastdepCC_TRUE=''
am__include='include'
am__isrc=''
am__leading_dot='.'
am__nodep='_no'
am__quote=''
am__tar='tar --format=ustar -chf - "$$tardir"'
am__untar='tar -xf -'
bindir='${exec_prefix}/bin'
build='x86_64-unknown-linux-gnu'
build_alias=''
build_cpu='x86_64'
build_os='linux-gnu'
build_vendor='unknown'
datadir='${datarootdir}'
datarootdir='${prefix}/share'
docdir='${datarootdir}/doc/${PACKAGE_TARNAME}'
dvidir='${docdir}'
exec_prefix='${prefix}'
host='x86_64-unknown-linux-gnu'
host_alias=''
host_cpu='x86_64'
host_os='linux-gnu'
host_vendor='unknown'
htmldir='${docdir}'
includedir='${prefix}/include'
infodir='${datarootdir}/info'
install_sh='${SHELL} /home/saraoman/NewSWMProj/xfce4-timer-plugin/install-sh'
intltool__v_merge_options_0='-q'
intltool__v_merge_options_='$(intltool__v_merge_options_$(AM_DEFAULT_VERBOSITY))'
libdir='${exec_prefix}/lib'
libexecdir='${exec_prefix}/libexec'
localedir='${datarootdir}/locale'
localstatedir='${prefix}/var'
mandir='${datarootdir}/man'
mkdir_p='$(MKDIR_P)'
oldincludedir='/usr/include'
pdfdir='${docdir}'
prefix='/usr'
program_transform_name='s,x,x,'
psdir='${docdir}'
sbindir='${exec_prefix}/sbin'
sharedstatedir='${prefix}/com'
sysconfdir='${prefix}/etc'
target_alias=''

## ----------- ##
## confdefs.h. ##
## ----------- ##

/* confdefs.h */
#define PACKAGE_NAME "xfce4-timer-plugin"
#define PACKAGE_TARNAME "xfce4-timer-plugin"
#define PACKAGE_VERSION "1.6.0"
#define PACKAGE_STRING "xfce4-timer-plugin 1.6.0"
#define PACKAGE_BUGREPORT "ilgar_eroglu@yahoo.com"
#define PACKAGE_URL ""
#define PACKAGE "xfce4-timer-plugin"
#define VERSION "1.6.0"
#define STDC_HEADERS 1
#define HAVE_SYS_TYPES_H 1
#define HAVE_SYS_STAT_H 1
#define HAVE_STDLIB_H 1
#define HAVE_STRING_H 1
#define HAVE_MEMORY_H 1
#define HAVE_STRINGS_H 1
#define HAVE_INTTYPES_H 1
#define HAVE_STDINT_H 1
#define HAVE_UNISTD_H 1
#define HAVE_DLFCN_H 1
#define LT_OBJDIR ".libs/"
#define STDC_HEADERS 1
#define GETTEXT_PACKAGE "xfce4-timer-plugin"
#define HAVE_LOCALE_H 1
#define HAVE_LC_MESSAGES 1
#define HAVE_BIND_TEXTDOMAIN_CODESET 1
#define HAVE_GETTEXT 1
#define HAVE_DCGETTEXT 1
#define ENABLE_NLS 1
#define HAVE_XFCE48 1

configure: exit 0

## ---------------------- ##
## Running config.status. ##
## ---------------------- ##

This file was extended by xfce4-timer-plugin config.status 1.6.0, which was
generated by GNU Autoconf 2.69.  Invocation command line was

  CONFIG_FILES    = 
  CONFIG_HEADERS  = 
  CONFIG_LINKS    = 
  CONFIG_COMMANDS = 
  $ ./config.status 

on saraoman-Inspiron-3521

config.status:1220: creating Makefile
config.status:1220: creating po/Makefile.in
config.status:1220: creating src/Makefile
config.status:1220: creating icons/Makefile
config.status:1220: creating icons/48x48/Makefile
config.status:1220: creating config.h
config.status:1401: config.h is unchanged
config.status:1449: executing depfiles commands
config.status:1449: executing libtool commands
config.status:1449: executing default-1 commands
config.status:1449: executing po/stamp-it commands
